0 info it worked if it ends with ok
1 verbose cli [ '/opt/circleci/nodejs/v6.11.2/bin/node',
1 verbose cli   '/opt/circleci/nodejs/v6.11.2/bin/npm',
1 verbose cli   'run',
1 verbose cli   'build:css' ]
2 info using npm@3.10.10
3 info using node@v6.11.2
4 verbose run-script [ 'prebuild:css', 'build:css', 'postbuild:css' ]
5 info lifecycle svg@1.0.0~prebuild:css: svg@1.0.0
6 silly lifecycle svg@1.0.0~prebuild:css: no script for prebuild:css, continuing
7 info lifecycle svg@1.0.0~build:css: svg@1.0.0
8 verbose lifecycle svg@1.0.0~build:css: unsafe-perm in lifecycle true
9 verbose lifecycle svg@1.0.0~build:css: PATH: /opt/circleci/nodejs/v6.11.2/lib/node_modules/npm/bin/node-gyp-bin:/home/ubuntu/svg/node_modules/.bin:/opt/circleci/nodejs/v6.11.2/lib/node_modules/npm/bin/node-gyp-bin:/home/ubuntu/svg/node_modules/.bin:/home/ubuntu/.yarn/bin:/opt/circleci/nodejs/v6.11.2/bin:/home/ubuntu/svg/node_modules/.bin:/opt/google-cloud-sdk/bin:/home/ubuntu/.local/bin:/opt/ghc/8.0.2/bin:/opt/cabal/1.24/bin:/opt/alex/3.1.7/bin:/opt/happy/1.19.5/bin:/home/ubuntu/.composer/vendor/bin:/opt/circleci/.phpenv/shims:/opt/circleci/.phpenv/bin:/opt/circleci/.rvm/gems/ruby-2.2.6/bin:/opt/circleci/.rvm/gems/ruby-2.2.6@global/bin:/opt/circleci/.rvm/rubies/ruby-2.2.6/bin:/home/ubuntu/.go_workspace/bin:/usr/local/go/bin:/opt/circleci/nodejs/v6.11.2/bin:/opt/circleci/.pyenv/shims:/opt/circleci/.pyenv/bin:/opt/google-cloud-sdk/bin:/usr/local/android-sdk-linux/platform-tools:/usr/local/android-sdk-linux/tools:/usr/local/apache-maven/bin:/home/ubuntu/bin:/usr/local/sbin:/usr/local/bin:/usr/sbin:/usr/bin:/sbin:/bin:/usr/games:/usr/local/games:/usr/local/gradle-1.10/bin:/opt/circleci/.rvm/bin:/opt/circleci/.rvm/bin
10 verbose lifecycle svg@1.0.0~build:css: CWD: /home/ubuntu/svg
11 silly lifecycle svg@1.0.0~build:css: Args: [ '-c',
11 silly lifecycle   'postcss src/css/style.css -d dist/css/ -c postcss.config.js' ]
12 silly lifecycle svg@1.0.0~build:css: Returned: code: 1  signal: null
13 info lifecycle svg@1.0.0~build:css: Failed to exec build:css script
14 verbose stack Error: svg@1.0.0 build:css: `postcss src/css/style.css -d dist/css/ -c postcss.config.js`
14 verbose stack Exit status 1
14 verbose stack     at EventEmitter.<anonymous> (/opt/circleci/nodejs/v6.11.2/lib/node_modules/npm/lib/utils/lifecycle.js:255:16)
14 verbose stack     at emitTwo (events.js:106:13)
14 verbose stack     at EventEmitter.emit (events.js:191:7)
14 verbose stack     at ChildProcess.<anonymous> (/opt/circleci/nodejs/v6.11.2/lib/node_modules/npm/lib/utils/spawn.js:40:14)
14 verbose stack     at emitTwo (events.js:106:13)
14 verbose stack     at ChildProcess.emit (events.js:191:7)
14 verbose stack     at maybeClose (internal/child_process.js:891:16)
14 verbose stack     at Process.ChildProcess._handle.onexit (internal/child_process.js:226:5)
15 verbose pkgid svg@1.0.0
16 verbose cwd /home/ubuntu/svg
17 error Linux 3.13.0-129-generic
18 error argv "/opt/circleci/nodejs/v6.11.2/bin/node" "/opt/circleci/nodejs/v6.11.2/bin/npm" "run" "build:css"
19 error node v6.11.2
20 error npm  v3.10.10
21 error code ELIFECYCLE
22 error svg@1.0.0 build:css: `postcss src/css/style.css -d dist/css/ -c postcss.config.js`
22 error Exit status 1
23 error Failed at the svg@1.0.0 build:css script 'postcss src/css/style.css -d dist/css/ -c postcss.config.js'.
23 error Make sure you have the latest version of node.js and npm installed.
23 error If you do, this is most likely a problem with the svg package,
23 error not with npm itself.
23 error Tell the author that this fails on your system:
23 error     postcss src/css/style.css -d dist/css/ -c postcss.config.js
23 error You can get information on how to open an issue for this project with:
23 error     npm bugs svg
23 error Or if that isn't available, you can get their info via:
23 error     npm owner ls svg
23 error There is likely additional logging output above.
24 verbose exit [ 1, true ]
